<?xml version="1.0" encoding="UTF-8"?>
<!-- Generated by org.testng.reporters.JUnitReportReporter -->
<testsuite hostname="W10CG753X2" failures="0" tests="5" name="com.Blazedemo.blazedemo.testcases.Booking" time="3.229" errors="0" timestamp="2021-12-19T00:53:43 IST" skipped="0">
  <testcase classname="com.Blazedemo.blazedemo.testcases.Booking" name="verifyTitleOfThePage" time="0.054"/>
  <system-out/>
  <testcase classname="com.Blazedemo.blazedemo.testcases.Booking" name="submitFindFlights" time="1.477"/>
  <system-out/>
  <testcase classname="com.Blazedemo.blazedemo.testcases.Booking" name="fillReservationForm" time="1.634"/>
  <system-out/>
  <testcase classname="com.Blazedemo.blazedemo.testcases.Booking" name="captureSuccessMessage" time="0.037"/>
  <system-out/>
  <testcase classname="com.Blazedemo.blazedemo.testcases.Booking" name="assertConfirmationId" time="0.027"/>
  <system-out/>
</testsuite> <!-- com.Blazedemo.blazedemo.testcases.Booking -->
