<?xml version="1.0" encoding="UTF-8"?>
<!-- Generated by org.testng.reporters.JUnitReportReporter -->
<testsuite hostname="W10CG753X2" failures="0" tests="2" name="blazedemo.Booking" time="15.961" errors="0" timestamp="2021-12-18T22:38:03 IST" skipped="0">
  <testcase classname="blazedemo.Booking" name="verifyTitleOfThePage" time="8.448"/>
  <system-out/>
  <testcase classname="blazedemo.Booking" name="submitFindFlights" time="7.513"/>
  <system-out/>
</testsuite> <!-- blazedemo.Booking -->
